sample_model_2_ert_rtw/sample_model_2/build/intermediates/manifest_merge_blame_file/debug/manifest-merger-blame-debug-report.txt
1<?xml version="1.0" encoding="utf-8"?>
2<manifest xmlns:android="http://schemas.android.com/apk/res/android"
3    package="com.example.sample_model_2"
4    android:versionCode="1"
5    android:versionName="1.0" >
6
7    <uses-sdk
8        android:minSdkVersion="17"
8-->src\main\AndroidManifest.xml
9        android:targetSdkVersion="28" />
9-->src\main\AndroidManifest.xml
10
11    <uses-permission android:name="android.permission.ACCESS_WIFI_STATE" />
11-->src\main\AndroidManifest.xml:10:1-71
11-->src\main\AndroidManifest.xml:10:18-69
12    <uses-permission android:name="android.permission.INTERNET" />
12-->src\main\AndroidManifest.xml:10:71-132
12-->src\main\AndroidManifest.xml:10:88-130
13    <uses-permission android:name="android.permission.ACCESS_NETWORK_STATE" />
13-->src\main\AndroidManifest.xml:11:1-74
13-->src\main\AndroidManifest.xml:11:18-72
14
15    <application
15-->src\main\AndroidManifest.xml:2:5-9:19
16        android:appComponentFactory="androidx.core.app.CoreComponentFactory"
16-->[androidx.core:core:1.3.1] AndroidManifest.xml:24:18-86
17        android:debuggable="true"
18        android:icon="@drawable/ic_launcher"
18-->src\main\AndroidManifest.xml:2:18-54
19        android:label="@string/app_name"
19-->src\main\AndroidManifest.xml:2:55-87
20        android:theme="@style/MWAppTheme" >
20-->src\main\AndroidManifest.xml:2:88-121
21        <activity
21-->src\main\AndroidManifest.xml:3:9-8:20
22            android:name="com.example.sample_model_2.sample_model_2"
22-->src\main\AndroidManifest.xml:3:52-81
23            android:configChanges="orientation|screenSize"
23-->src\main\AndroidManifest.xml:3:128-174
24            android:label="@string/app_name"
24-->src\main\AndroidManifest.xml:3:19-51
25            android:theme="@style/MWAppTheme.NoActionBar" >
25-->src\main\AndroidManifest.xml:3:82-127
26            <intent-filter>
26-->src\main\AndroidManifest.xml:4:13-7:29
27                <action android:name="android.intent.action.MAIN" />
27-->src\main\AndroidManifest.xml:5:17-68
27-->src\main\AndroidManifest.xml:5:25-66
28
29                <category android:name="android.intent.category.LAUNCHER" />
29-->src\main\AndroidManifest.xml:6:17-76
29-->src\main\AndroidManifest.xml:6:27-74
30            </intent-filter>
31        </activity>
32    </application>
33
34</manifest>